2024-08-20 at 23:31:57 | INFO | status_code: 200
2024-08-20 at 23:33:06 | INFO | status_code: 200
2024-08-21 at 11:50:29 | ERROR | Ошибка: 401 - {
    "title": "unauthorized",
    "detail": "empty Authorization header",
    "code": "167251cb759b-cc73ad3617b9d5c82732 4760933a-29 b8b8ce352970339c8e56bcdd4cd1c868",
    "requestId": "b8b8ce352970339c8e56bcdd4cd1c868",
    "origin": "s2s-api-auth-stat",
    "status": 401,
    "statusText": "Unauthorized",
    "timestamp": "2024-08-21 08:50:28.701066845 +0000 UTC m=+54913.103417990"
}

2024-08-21 at 11:55:02 | ERROR | Ошибка: 401 - {
    "title": "unauthorized",
    "detail": "empty Authorization header",
    "code": "167251cb759b-cc73ad3617b9d5c82732 4760933a-29 e6003d56d42b04d80d5772a976d5395d",
    "requestId": "e6003d56d42b04d80d5772a976d5395d",
    "origin": "s2s-api-auth-stat",
    "status": 401,
    "statusText": "Unauthorized",
    "timestamp": "2024-08-21 08:55:02.312394704 +0000 UTC m=+55173.121803023"
}

2024-08-21 at 12:05:57 | INFO | status_code: 200
2024-08-21 at 12:12:33 | INFO | status_code: 200
2024-08-21 at 12:22:22 | INFO | status_code: 200
2024-08-21 at 12:22:47 | INFO | status_code: 200
2024-08-21 at 20:34:38 | INFO | status_code: 200
2024-08-21 at 20:36:51 | INFO | status_code: 200
2024-08-21 at 20:37:20 | INFO | status_code: 200
2024-08-21 at 20:39:26 | INFO | status_code: 200
